<?xml version="1.0" encoding="UTF-8"?>
<Site BuildName="Linux-c++"
	BuildStamp="20231031-1628-Experimental"
	Name="saturnsphere"
	Generator="ctest-3.25.1"
	CompilerName="/usr/bin/c++"
	CompilerVersion="13.2.1"
	OSName="Linux"
	Hostname="phobos"
	OSRelease="6.1.0-13-amd64"
	OSVersion="#1 SMP PREEMPT_DYNAMIC Debian 6.1.55-1 (2023-09-29)"
	OSPlatform="x86_64"
	Is64Bits="1"
	VendorString="GenuineIntel"
	VendorID="Intel Corporation"
	FamilyID="6"
	ModelID="142"
	ProcessorCacheSize="6144"
	NumberOfLogicalCPU="8"
	NumberOfPhysicalCPU="4"
	TotalVirtualMemory="9011"
	TotalPhysicalMemory="7749"
	LogicalProcessorsPerPhysical="2"
	ProcessorClockFrequency="2914.47"
	>
	<Testing>
		<StartDateTime>Oct 31 11:28 CDT</StartDateTime>
		<StartTestTime>1698769710</StartTestTime>
		<TestList/>
		<EndDateTime>Oct 31 11:28 CDT</EndDateTime>
		<EndTestTime>1698769710</EndTestTime>
		<ElapsedMinutes>0</ElapsedMinutes>
	</Testing>
</Site>
