<?xml version="1.0" encoding="UTF-8"?>
<Site BuildName="Linux-c++"
	BuildStamp="20231030-1449-Experimental"
	Name="saturnsphere"
	Generator="ctest-3.27.2"
	CompilerName="/usr/bin/c++"
	CompilerVersion="13.2.1"
	OSName="Linux"
	Hostname="saturnsphere"
	OSRelease="6.5.8-1-default"
	OSVersion="#1 SMP PREEMPT_DYNAMIC Fri Oct 20 05:40:59 UTC 2023 (51baea8)"
	OSPlatform="x86_64"
	Is64Bits="1"
	VendorString="GenuineIntel"
	VendorID="Intel Corporation"
	FamilyID="6"
	ModelID="158"
	ProcessorCacheSize="9216"
	NumberOfLogicalCPU="6"
	NumberOfPhysicalCPU="6"
	TotalVirtualMemory="2048"
	TotalPhysicalMemory="15918"
	LogicalProcessorsPerPhysical="1"
	ProcessorClockFrequency="3900.01"
	>
	<Testing>
		<StartDateTime>Oct 30 17:54 CDT</StartDateTime>
		<StartTestTime>1698706468</StartTestTime>
		<TestList/>
		<EndDateTime>Oct 30 17:54 CDT</EndDateTime>
		<EndTestTime>1698706468</EndTestTime>
		<ElapsedMinutes>0</ElapsedMinutes>
	</Testing>
</Site>
