<?xml version="1.0" encoding="UTF-8"?>
<Site BuildName="Linux-g++"
	BuildStamp="20240205-1555-Experimental"
	Name="phobos"
	Generator="ctest-3.25.1"
	CompilerName="/usr/bin/g++"
	CompilerVersion="12.2.0"
	OSName="Linux"
	Hostname="phobos"
	OSRelease="6.1.0-15-amd64"
	OSVersion="#1 SMP PREEMPT_DYNAMIC Debian 6.1.66-1 (2023-12-09)"
	OSPlatform="x86_64"
	Is64Bits="1"
	VendorString="GenuineIntel"
	VendorID="Intel Corporation"
	FamilyID="6"
	ModelID="142"
	ProcessorCacheSize="6144"
	NumberOfLogicalCPU="8"
	NumberOfPhysicalCPU="4"
	TotalVirtualMemory="9011"
	TotalPhysicalMemory="7749"
	LogicalProcessorsPerPhysical="2"
	ProcessorClockFrequency="800.013"
	>
	<Testing>
		<StartDateTime>Feb 05 09:55 CST</StartDateTime>
		<StartTestTime>1707148501</StartTestTime>
		<TestList/>
		<EndDateTime>Feb 05 09:55 CST</EndDateTime>
		<EndTestTime>1707148501</EndTestTime>
		<ElapsedMinutes>0</ElapsedMinutes>
	</Testing>
</Site>
