<?xml version="1.0" encoding="UTF-8"?>
<Site BuildName="Linux-g++"
	BuildStamp="20231101-1454-Experimental"
	Name="phobos"
	Generator="ctest-3.25.1"
	CompilerName="/usr/bin/g++"
	CompilerVersion="12.2.0"
	OSName="Linux"
	Hostname="phobos"
	OSRelease="6.1.0-13-amd64"
	OSVersion="#1 SMP PREEMPT_DYNAMIC Debian 6.1.55-1 (2023-09-29)"
	OSPlatform="x86_64"
	Is64Bits="1"
	VendorString="GenuineIntel"
	VendorID="Intel Corporation"
	FamilyID="6"
	ModelID="142"
	ProcessorCacheSize="6144"
	NumberOfLogicalCPU="8"
	NumberOfPhysicalCPU="4"
	TotalVirtualMemory="9011"
	TotalPhysicalMemory="7749"
	LogicalProcessorsPerPhysical="2"
	ProcessorClockFrequency="3800.1"
	>
	<Testing>
		<StartDateTime>Nov 01 09:54 CDT</StartDateTime>
		<StartTestTime>1698850456</StartTestTime>
		<TestList/>
		<EndDateTime>Nov 01 09:54 CDT</EndDateTime>
		<EndTestTime>1698850456</EndTestTime>
		<ElapsedMinutes>0</ElapsedMinutes>
	</Testing>
</Site>
